2025-10-06 08:10:12,454 CRIT Supervisor is running as root.  Privileges were not dropped because no user is specified in the config file.  If you intend to run as root, you can set user=root in the config file to avoid this message.
2025-10-06 08:10:12,458 INFO supervisord started with pid 1
2025-10-06 08:10:13,465 INFO spawned: 'cron' with pid 7
2025-10-06 08:10:13,468 INFO spawned: 'nginx' with pid 8
2025-10-06 08:10:13,470 INFO spawned: 'php-fpm' with pid 9
2025-10-06 08:10:14,698 INFO success: cron entered RUNNING state, process has stayed up for > than 1 seconds (startsecs)
2025-10-06 08:10:14,698 INFO success: nginx entered RUNNING state, process has stayed up for > than 1 seconds (startsecs)
2025-10-06 08:10:14,698 INFO success: php-fpm entered RUNNING state, process has stayed up for > than 1 seconds (startsecs)
2025-10-06 08:12:22,837 WARN received SIGTERM indicating exit request
2025-10-06 08:12:22,837 INFO waiting for cron, nginx, php-fpm to die
2025-10-06 08:12:22,855 INFO stopped: php-fpm (exit status 0)
2025-10-06 08:12:22,873 INFO stopped: nginx (exit status 0)
2025-10-06 08:12:23,875 INFO stopped: cron (terminated by SIGTERM)
2025-10-06 08:12:24,540 CRIT Supervisor is running as root.  Privileges were not dropped because no user is specified in the config file.  If you intend to run as root, you can set user=root in the config file to avoid this message.
2025-10-06 08:12:24,541 INFO supervisord started with pid 1
2025-10-06 08:12:25,544 INFO spawned: 'cron' with pid 7
2025-10-06 08:12:25,547 INFO spawned: 'nginx' with pid 8
2025-10-06 08:12:25,549 INFO spawned: 'php-fpm' with pid 9
2025-10-06 08:12:26,592 INFO success: cron entered RUNNING state, process has stayed up for > than 1 seconds (startsecs)
2025-10-06 08:12:26,592 INFO success: nginx entered RUNNING state, process has stayed up for > than 1 seconds (startsecs)
2025-10-06 08:12:26,592 INFO success: php-fpm entered RUNNING state, process has stayed up for > than 1 seconds (startsecs)
2025-10-08 06:06:39,872 INFO reaped unknown pid 194231 (exit status 1)
2025-10-08 06:06:39,875 INFO reaped unknown pid 194233 (exit status 0)
2025-10-08 06:06:39,875 INFO reaped unknown pid 194235 (exit status 0)
2025-10-08 06:06:43,881 INFO reaped unknown pid 194247 (exit status 0)
2025-10-08 06:06:43,881 INFO reaped unknown pid 194249 (exit status 0)
2025-10-08 08:39:02,647 WARN received SIGTERM indicating exit request
2025-10-08 08:39:02,651 INFO waiting for cron, nginx, php-fpm to die
2025-10-08 08:39:03,694 INFO stopped: php-fpm (exit status 0)
2025-10-08 08:39:03,732 INFO stopped: nginx (exit status 0)
2025-10-08 08:39:04,737 INFO stopped: cron (terminated by SIGTERM)
2025-10-08 08:39:06,020 CRIT Supervisor is running as root.  Privileges were not dropped because no user is specified in the config file.  If you intend to run as root, you can set user=root in the config file to avoid this message.
2025-10-08 08:39:06,023 INFO supervisord started with pid 1
2025-10-08 08:39:07,026 INFO spawned: 'cron' with pid 7
2025-10-08 08:39:07,028 INFO spawned: 'nginx' with pid 8
2025-10-08 08:39:07,029 INFO spawned: 'php-fpm' with pid 9
2025-10-08 08:39:08,108 INFO success: cron entered RUNNING state, process has stayed up for > than 1 seconds (startsecs)
2025-10-08 08:39:08,109 INFO success: nginx entered RUNNING state, process has stayed up for > than 1 seconds (startsecs)
2025-10-08 08:39:08,109 INFO success: php-fpm entered RUNNING state, process has stayed up for > than 1 seconds (startsecs)
2025-10-30 12:58:57,098 INFO reaped unknown pid 2045700 (exit status 1)
2025-10-30 12:58:57,104 INFO reaped unknown pid 2045702 (exit status 0)
2025-10-30 12:58:57,104 INFO reaped unknown pid 2045704 (exit status 0)
2025-10-30 12:59:02,113 INFO reaped unknown pid 2045777 (exit status 0)
2025-10-30 12:59:02,113 INFO reaped unknown pid 2045780 (exit status 0)
2025-10-30 12:59:05,116 INFO reaped unknown pid 2045828 (exit status 0)
2025-10-30 12:59:05,116 INFO reaped unknown pid 2045830 (exit status 0)
2025-10-30 12:59:31,144 INFO reaped unknown pid 2046018 (exit status 1)
2025-10-30 12:59:31,144 INFO reaped unknown pid 2046020 (exit status 0)
2025-10-30 12:59:31,145 INFO reaped unknown pid 2046022 (exit status 0)
2025-10-30 12:59:37,151 INFO reaped unknown pid 2046084 (exit status 0)
2025-10-30 12:59:37,151 INFO reaped unknown pid 2046086 (exit status 0)
2025-10-30 12:59:42,157 INFO reaped unknown pid 2046130 (exit status 0)
2025-10-30 12:59:42,157 INFO reaped unknown pid 2046132 (exit status 0)
2025-10-30 12:59:53,169 INFO reaped unknown pid 2046194 (exit status 0)
2025-10-30 12:59:53,169 INFO reaped unknown pid 2046196 (exit status 0)
2025-10-30 13:00:11,192 INFO reaped unknown pid 2046347 (exit status 0)
2025-10-30 13:00:11,192 INFO reaped unknown pid 2046349 (exit status 0)
2025-10-30 13:00:11,192 INFO reaped unknown pid 2046367 (exit status 0)
2025-10-30 13:00:11,192 INFO reaped unknown pid 2046369 (exit status 0)
2025-10-30 13:00:13,195 INFO reaped unknown pid 2046391 (exit status 0)
2025-10-30 13:00:13,195 INFO reaped unknown pid 2046393 (exit status 0)
2025-10-30 13:01:03,254 INFO reaped unknown pid 2046739 (exit status 1)
2025-10-30 13:01:03,254 INFO reaped unknown pid 2046741 (exit status 0)
2025-10-30 13:01:03,254 INFO reaped unknown pid 2046743 (exit status 0)
2025-10-30 13:01:05,256 INFO reaped unknown pid 2046772 (exit status 0)
2025-10-30 13:01:05,256 INFO reaped unknown pid 2046774 (exit status 0)
2025-10-30 13:02:42,361 INFO reaped unknown pid 2047356 (exit status 1)
2025-10-30 13:02:42,362 INFO reaped unknown pid 2047358 (exit status 0)
2025-10-30 13:02:43,364 INFO reaped unknown pid 2047360 (exit status 0)
2025-10-30 13:02:43,364 INFO reaped unknown pid 2047372 (exit status 0)
2025-10-30 13:02:43,364 INFO reaped unknown pid 2047375 (exit status 0)
2025-10-30 13:02:48,369 INFO reaped unknown pid 2047418 (exit status 0)
2025-10-30 13:02:48,370 INFO reaped unknown pid 2047420 (exit status 0)
2025-10-30 13:02:53,375 INFO reaped unknown pid 2047456 (exit status 0)
2025-10-30 13:02:53,376 INFO reaped unknown pid 2047458 (exit status 0)
2025-10-30 13:03:03,386 INFO reaped unknown pid 2047556 (exit status 0)
2025-10-30 13:03:03,387 INFO reaped unknown pid 2047558 (exit status 0)
2025-10-30 13:03:08,393 INFO reaped unknown pid 2047607 (exit status 0)
2025-10-30 13:03:08,393 INFO reaped unknown pid 2047609 (exit status 0)
2025-10-30 13:03:13,398 INFO reaped unknown pid 2047647 (exit status 0)
2025-10-30 13:03:13,398 INFO reaped unknown pid 2047649 (exit status 0)
2025-10-30 13:03:18,405 INFO reaped unknown pid 2047685 (exit status 0)
2025-10-30 13:03:18,405 INFO reaped unknown pid 2047687 (exit status 0)
2025-10-31 12:05:08,900 WARN received SIGTERM indicating exit request
2025-10-31 12:05:08,915 INFO waiting for cron, nginx, php-fpm to die
2025-10-31 12:05:08,951 INFO stopped: php-fpm (exit status 0)
2025-10-31 12:05:09,004 INFO stopped: nginx (exit status 0)
2025-10-31 12:05:09,007 INFO stopped: cron (terminated by SIGTERM)
2025-10-31 12:05:10,515 CRIT Supervisor is running as root.  Privileges were not dropped because no user is specified in the config file.  If you intend to run as root, you can set user=root in the config file to avoid this message.
2025-10-31 12:05:10,521 INFO supervisord started with pid 1
2025-10-31 12:05:11,528 INFO spawned: 'cron' with pid 8
2025-10-31 12:05:11,532 INFO spawned: 'nginx' with pid 9
2025-10-31 12:05:11,534 INFO spawned: 'php-fpm' with pid 10
2025-10-31 12:05:12,638 INFO success: cron entered RUNNING state, process has stayed up for > than 1 seconds (startsecs)
2025-10-31 12:05:12,638 INFO success: nginx entered RUNNING state, process has stayed up for > than 1 seconds (startsecs)
2025-10-31 12:05:12,638 INFO success: php-fpm entered RUNNING state, process has stayed up for > than 1 seconds (startsecs)
2025-12-03 11:01:30,467 CRIT Supervisor is running as root.  Privileges were not dropped because no user is specified in the config file.  If you intend to run as root, you can set user=root in the config file to avoid this message.
2025-12-03 11:01:30,473 INFO supervisord started with pid 1
2025-12-03 11:01:31,535 INFO spawned: 'cron' with pid 7
2025-12-03 11:01:31,570 INFO spawned: 'nginx' with pid 8
2025-12-03 11:01:31,707 INFO spawned: 'php-fpm' with pid 9
2025-12-03 11:01:33,106 INFO success: cron entered RUNNING state, process has stayed up for > than 1 seconds (startsecs)
2025-12-03 11:01:33,207 INFO success: nginx entered RUNNING state, process has stayed up for > than 1 seconds (startsecs)
2025-12-03 11:01:33,208 INFO success: php-fpm entered RUNNING state, process has stayed up for > than 1 seconds (startsecs)
