This file contains any messages produced by compilers while
running configure, to aid debugging if configure makes a mistake.

It was created by jansson configure 2.10, which was
generated by GNU Autoconf 2.69.  Invocation command line was

  $ ./configure --libdir=/usr/lib64 --no-create --no-recursion

## --------- ##
## Platform. ##
## --------- ##

hostname = ECOUC-Internal
uname -m = x86_64
uname -r = 4.19.0-23-amd64
uname -s = Linux
uname -v = #1 SMP Debian 4.19.269-1 (2022-12-20)

/usr/bin/uname -p = unknown
/bin/uname -X     = unknown

/bin/arch              = x86_64
/usr/bin/arch -k       = unknown
/usr/convex/getsysinfo = unknown
/usr/bin/hostinfo      = unknown
/bin/machine           = unknown
/usr/bin/oslevel       = unknown
/bin/universe          = unknown

PATH: /usr/local/sbin
PATH: /usr/local/bin
PATH: /usr/sbin
PATH: /usr/bin
PATH: /sbin
PATH: /bin


## ----------- ##
## Core tests. ##
## ----------- ##

configure:2413: checking for a BSD-compatible install
configure:2481: result: /usr/bin/install -c
configure:2492: checking whether build environment is sane
configure:2547: result: yes
configure:2696: checking for a thread-safe mkdir -p
configure:2735: result: /usr/bin/mkdir -p
configure:2742: checking for gawk
configure:2758: found /usr/bin/gawk
configure:2769: result: gawk
configure:2780: checking whether make sets $(MAKE)
configure:2802: result: yes
configure:2831: checking whether make supports nested variables
configure:2848: result: yes
configure:3028: checking for gcc
configure:3044: found /usr/bin/gcc
configure:3055: result: gcc
configure:3284: checking for C compiler version
configure:3293: gcc --version >&5
gcc (Debian 8.3.0-6) 8.3.0
Copyright (C) 2018 Free Software Foundation, Inc.
This is free software; see the source for copying conditions.  There is NO
warranty; not even for MERCHANTABILITY or FITNESS FOR A PARTICULAR PURPOSE.

configure:3304: $? = 0
configure:3293: gcc -v >&5
Using built-in specs.
COLLECT_GCC=gcc
COLLECT_LTO_WRAPPER=/usr/lib/gcc/x86_64-linux-gnu/8/lto-wrapper
OFFLOAD_TARGET_NAMES=nvptx-none
OFFLOAD_TARGET_DEFAULT=1
Target: x86_64-linux-gnu
Configured with: ../src/configure -v --with-pkgversion='Debian 8.3.0-6' --with-bugurl=file:///usr/share/doc/gcc-8/README.Bugs --enable-languages=c,ada,c++,go,brig,d,fortran,objc,obj-c++ --prefix=/usr --with-gcc-major-version-only --program-suffix=-8 --program-prefix=x86_64-linux-gnu- --enable-shared --enable-linker-build-id --libexecdir=/usr/lib --without-included-gettext --enable-threads=posix --libdir=/usr/lib --enable-nls --enable-bootstrap --enable-clocale=gnu --enable-libstdcxx-debug --enable-libstdcxx-time=yes --with-default-libstdcxx-abi=new --enable-gnu-unique-object --disable-vtable-verify --enable-libmpx --enable-plugin --enable-default-pie --with-system-zlib --with-target-system-zlib --enable-objc-gc=auto --enable-multiarch --disable-werror --with-arch-32=i686 --with-abi=m64 --with-multilib-list=m32,m64,mx32 --enable-multilib --with-tune=generic --enable-offload-targets=nvptx-none --without-cuda-driver --enable-checking=release --build=x86_64-linux-gnu --host=x86_64-linux-gnu --target=x86_64-linux-gnu
Thread model: posix
gcc version 8.3.0 (Debian 8.3.0-6) 
configure:3304: $? = 0
configure:3293: gcc -V >&5
gcc: error: unrecognized command line option '-V'
gcc: fatal error: no input files
compilation terminated.
configure:3304: $? = 1
configure:3293: gcc -qversion >&5
gcc: error: unrecognized command line option '-qversion'; did you mean '--version'?
gcc: fatal error: no input files
compilation terminated.
configure:3304: $? = 1
configure:3324: checking whether the C compiler works
configure:3346: gcc    conftest.c  >&5
configure:3350: $? = 0
configure:3398: result: yes
configure:3401: checking for C compiler default output file name
configure:3403: result: a.out
configure:3409: checking for suffix of executables
configure:3416: gcc -o conftest    conftest.c  >&5
configure:3420: $? = 0
configure:3442: result: 
configure:3464: checking whether we are cross compiling
configure:3472: gcc -o conftest    conftest.c  >&5
configure:3476: $? = 0
configure:3483: ./conftest
configure:3487: $? = 0
configure:3475: result: no
configure:3480: checking for suffix of object files
configure:3502: gcc -c   conftest.c >&5
configure:3506: $? = 0
configure:3527: result: o
configure:3531: checking whether we are using the GNU C compiler
configure:3550: gcc -c   conftest.c >&5
configure:3550: $? = 0
configure:3559: result: yes
configure:3568: checking whether gcc accepts -g
configure:3588: gcc -c -g  conftest.c >&5
configure:3588: $? = 0
configure:3629: result: yes
configure:3646: checking for gcc option to accept ISO C89
configure:3709: gcc  -c -g -O2  conftest.c >&5
configure:3709: $? = 0
configure:3722: result: none needed
configure:3747: checking whether gcc understands -c and -o together
configure:3769: gcc -c conftest.c -o conftest2.o
configure:3772: $? = 0
configure:3769: gcc -c conftest.c -o conftest2.o
configure:3772: $? = 0
configure:3784: result: yes
configure:3804: checking whether make supports the include directive
configure:3819: make -f confmf.GNU && cat confinc.out
make[1]: Entering directory '/usr/src/git_data/calltech-single-tenant-pbx-voip/source/jansson-2.10'
make[1]: Leaving directory '/usr/src/git_data/calltech-single-tenant-pbx-voip/source/jansson-2.10'
this is the am__doit target
configure:3822: $? = 0
configure:3841: result: yes (GNU style)
configure:3866: checking dependency style of gcc
configure:3977: result: gcc3
configure:4021: checking build system type
configure:4035: result: x86_64-pc-linux-gnu
configure:4055: checking host system type
configure:4068: result: x86_64-pc-linux-gnu
configure:4109: checking how to print strings
configure:4136: result: printf
configure:4157: checking for a sed that does not truncate output
configure:4221: result: /usr/bin/sed
configure:4239: checking for grep that handles long lines and -e
configure:4297: result: /usr/bin/grep
configure:4302: checking for egrep
configure:4364: result: /usr/bin/grep -E
configure:4369: checking for fgrep
configure:4431: result: /usr/bin/grep -F
configure:4466: checking for ld used by gcc
configure:4533: result: /usr/bin/ld
configure:4540: checking if the linker (/usr/bin/ld) is GNU ld
configure:4555: result: yes
configure:4567: checking for BSD- or MS-compatible name lister (nm)
configure:4621: result: /usr/bin/nm -B
configure:4751: checking the name lister (/usr/bin/nm -B) interface
configure:4758: gcc -c -g -O2  conftest.c >&5
configure:4761: /usr/bin/nm -B "conftest.o"
configure:4764: output
0000000000000000 B some_variable
configure:4765: result: BSD nm
configure:4768: checking whether ln -s works
configure:4772: result: yes
configure:4780: checking the maximum length of command line arguments
configure:4911: result: 1572864
configure:4959: checking how to convert x86_64-pc-linux-gnu file names to x86_64-pc-linux-gnu format
configure:4999: result: func_convert_file_noop
configure:5006: checking how to convert x86_64-pc-linux-gnu file names to toolchain format
configure:5026: result: func_convert_file_noop
configure:5033: checking for /usr/bin/ld option to reload object files
configure:5040: result: -r
configure:5114: checking for objdump
configure:5130: found /usr/bin/objdump
configure:5141: result: objdump
configure:5173: checking how to recognize dependent libraries
configure:5373: result: pass_all
configure:5458: checking for dlltool
configure:5488: result: no
configure:5518: checking how to associate runtime and link libraries
configure:5545: result: printf %s\n
configure:5606: checking for ar
configure:5622: found /usr/bin/ar
configure:5633: result: ar
configure:5670: checking for archiver @FILE support
configure:5687: gcc -c -g -O2  conftest.c >&5
configure:5687: $? = 0
configure:5690: ar cru libconftest.a @conftest.lst >&5
ar: `u' modifier ignored since `D' is the default (see `U')
configure:5693: $? = 0
configure:5698: ar cru libconftest.a @conftest.lst >&5
ar: `u' modifier ignored since `D' is the default (see `U')
ar: conftest.o: No such file or directory
configure:5701: $? = 1
configure:5700: result: @
configure:5758: checking for strip
configure:5774: found /usr/bin/strip
configure:5785: result: strip
configure:5857: checking for ranlib
configure:5873: found /usr/bin/ranlib
configure:5884: result: ranlib
configure:5986: checking command to parse /usr/bin/nm -B output from gcc object
configure:6139: gcc -c -g -O2  conftest.c >&5
configure:6142: $? = 0
configure:6146: /usr/bin/nm -B conftest.o | sed -n -e 's/^.*[	 ]\([ABCDGIRSTW][ABCDGIRSTW]*\)[	 ][	 ]*\([_A-Za-z][_A-Za-z0-9]*\)$/\1 \2 \2/p' | sed '/ __gnu_lto/d' > conftest.nm
configure:6212: gcc -o conftest -g -O2   conftest.c conftstm.o >&5
configure:6215: $? = 0
configure:6253: result: ok
configure:6300: checking for sysroot
configure:6330: result: no
configure:6337: checking for a working dd
configure:6375: result: /usr/bin/dd
configure:6379: checking how to truncate binary pipes
configure:6394: result: /usr/bin/dd bs=4096 count=1
configure:6530: gcc -c -g -O2  conftest.c >&5
configure:6533: $? = 0
configure:6723: checking for mt
configure:6739: found /usr/bin/mt
configure:6750: result: mt
configure:6773: checking if mt is a manifest tool
configure:6779: mt '-?'
configure:6787: result: no
configure:7464: checking how to run the C preprocessor
configure:7495: gcc -E  conftest.c
configure:7495: $? = 0
configure:7509: gcc -E  conftest.c
conftest.c:11:10: fatal error: ac_nonexistent.h: No such file or directory
 #include <ac_nonexistent.h>
          ^~~~~~~~~~~~~~~~~~
compilation terminated.
configure:7509: $? = 1
configure: failed program was:
| /* confdefs.h */
| #define PACKAGE_NAME "jansson"
| #define PACKAGE_TARNAME "jansson"
| #define PACKAGE_VERSION "2.10"
| #define PACKAGE_STRING "jansson 2.10"
| #define PACKAGE_BUGREPORT "petri@digip.org"
| #define PACKAGE_URL ""
| #define PACKAGE "jansson"
| #define VERSION "2.10"
| /* end confdefs.h.  */
| #include <ac_nonexistent.h>
configure:7534: result: gcc -E
configure:7554: gcc -E  conftest.c
configure:7554: $? = 0
configure:7568: gcc -E  conftest.c
conftest.c:11:10: fatal error: ac_nonexistent.h: No such file or directory
 #include <ac_nonexistent.h>
          ^~~~~~~~~~~~~~~~~~
compilation terminated.
configure:7568: $? = 1
configure: failed program was:
| /* confdefs.h */
| #define PACKAGE_NAME "jansson"
| #define PACKAGE_TARNAME "jansson"
| #define PACKAGE_VERSION "2.10"
| #define PACKAGE_STRING "jansson 2.10"
| #define PACKAGE_BUGREPORT "petri@digip.org"
| #define PACKAGE_URL ""
| #define PACKAGE "jansson"
| #define VERSION "2.10"
| /* end confdefs.h.  */
| #include <ac_nonexistent.h>
configure:7597: checking for ANSI C header files
configure:7617: gcc -c -g -O2  conftest.c >&5
configure:7617: $? = 0
configure:7690: gcc -o conftest -g -O2   conftest.c  >&5
configure:7690: $? = 0
configure:7690: ./conftest
configure:7690: $? = 0
configure:7701: result: yes
configure:7714: checking for sys/types.h
configure:7714: gcc -c -g -O2  conftest.c >&5
configure:7714: $? = 0
configure:7714: result: yes
configure:7714: checking for sys/stat.h
configure:7714: gcc -c -g -O2  conftest.c >&5
configure:7714: $? = 0
configure:7714: result: yes
configure:7714: checking for stdlib.h
configure:7714: gcc -c -g -O2  conftest.c >&5
configure:7714: $? = 0
configure:7714: result: yes
configure:7714: checking for string.h
configure:7714: gcc -c -g -O2  conftest.c >&5
configure:7714: $? = 0
configure:7714: result: yes
configure:7714: checking for memory.h
configure:7714: gcc -c -g -O2  conftest.c >&5
configure:7714: $? = 0
configure:7714: result: yes
configure:7714: checking for strings.h
configure:7714: gcc -c -g -O2  conftest.c >&5
configure:7714: $? = 0
configure:7714: result: yes
configure:7714: checking for inttypes.h
configure:7714: gcc -c -g -O2  conftest.c >&5
configure:7714: $? = 0
configure:7714: result: yes
configure:7714: checking for stdint.h
configure:7714: gcc -c -g -O2  conftest.c >&5
configure:7714: $? = 0
configure:7714: result: yes
configure:7714: checking for unistd.h
configure:7714: gcc -c -g -O2  conftest.c >&5
configure:7714: $? = 0
configure:7714: result: yes
configure:7728: checking for dlfcn.h
configure:7728: gcc -c -g -O2  conftest.c >&5
configure:7728: $? = 0
configure:7728: result: yes
configure:7984: checking for objdir
configure:7999: result: .libs
configure:8259: checking if gcc supports -fno-rtti -fno-exceptions
configure:8277: gcc -c -g -O2  -fno-rtti -fno-exceptions conftest.c >&5
cc1: warning: command line option '-fno-rtti' is valid for C++/ObjC++ but not for C
configure:8281: $? = 0
configure:8294: result: no
configure:8652: checking for gcc option to produce PIC
configure:8659: result: -fPIC -DPIC
configure:8667: checking if gcc PIC flag -fPIC -DPIC works
configure:8685: gcc -c -g -O2  -fPIC -DPIC -DPIC conftest.c >&5
configure:8689: $? = 0
configure:8702: result: yes
configure:8731: checking if gcc static flag -static works
configure:8759: result: yes
configure:8774: checking if gcc supports -c -o file.o
configure:8795: gcc -c -g -O2  -o out/conftest2.o conftest.c >&5
configure:8799: $? = 0
configure:8821: result: yes
configure:8829: checking if gcc supports -c -o file.o
configure:8876: result: yes
configure:8909: checking whether the gcc linker (/usr/bin/ld -m elf_x86_64) supports shared libraries
configure:10172: result: yes
configure:10209: checking whether -lc should be explicitly linked in
configure:10217: gcc -c -g -O2  conftest.c >&5
configure:10220: $? = 0
configure:10235: gcc -shared  -fPIC -DPIC conftest.o  -v -Wl,-soname -Wl,conftest -o conftest 2\>\&1 \| /usr/bin/grep  -lc  \>/dev/null 2\>\&1
configure:10238: $? = 0
configure:10252: result: no
configure:10412: checking dynamic linker characteristics
configure:10993: gcc -o conftest -g -O2   -Wl,-rpath -Wl,/foo conftest.c  >&5
configure:10993: $? = 0
configure:11242: result: GNU/Linux ld.so
configure:11364: checking how to hardcode library paths into programs
configure:11389: result: immediate
configure:11937: checking whether stripping libraries is possible
configure:11942: result: yes
configure:11977: checking if libtool supports shared libraries
configure:11979: result: yes
configure:11982: checking whether to build shared libraries
configure:12007: result: yes
configure:12010: checking whether to build static libraries
configure:12014: result: yes
configure:8842: checking endian.h usability
configure:8842: gcc -c -g -O2  conftest.c >&5
configure:8842: $? = 0
configure:8842: result: yes
configure:8842: checking endian.h presence
configure:8842: gcc -E  conftest.c
configure:8842: $? = 0
configure:8842: result: yes
configure:8842: checking for endian.h
configure:8842: result: yes
configure:8842: checking fcntl.h usability
configure:8842: gcc -c -g -O2  conftest.c >&5
configure:8842: $? = 0
configure:8842: result: yes
configure:8842: checking fcntl.h presence
configure:8842: gcc -E  conftest.c
configure:8842: $? = 0
configure:8842: result: yes
configure:8842: checking for fcntl.h
configure:8842: result: yes
configure:8842: checking locale.h usability
configure:8842: gcc -c -g -O2  conftest.c >&5
configure:8842: $? = 0
configure:8842: result: yes
configure:8842: checking locale.h presence
configure:8842: gcc -E  conftest.c
configure:8842: $? = 0
configure:8842: result: yes
configure:8842: checking for locale.h
configure:8842: result: yes
configure:8842: checking sched.h usability
configure:8842: gcc -c -g -O2  conftest.c >&5
configure:8842: $? = 0
configure:8842: result: yes
configure:8842: checking sched.h presence
configure:8842: gcc -E  conftest.c
configure:8842: $? = 0
configure:8842: result: yes
configure:8842: checking for sched.h
configure:8842: result: yes
configure:8842: checking for unistd.h
configure:8842: result: yes
configure:8842: checking sys/param.h usability
configure:8842: gcc -c -g -O2  conftest.c >&5
configure:8842: $? = 0
configure:8842: result: yes
configure:8842: checking sys/param.h presence
configure:8842: gcc -E  conftest.c
configure:8842: $? = 0
configure:8842: result: yes
configure:8842: checking for sys/param.h
configure:8842: result: yes
configure:8842: checking for sys/stat.h
configure:8842: result: yes
configure:8842: checking sys/time.h usability
configure:8842: gcc -c -g -O2  conftest.c >&5
configure:8842: $? = 0
configure:8842: result: yes
configure:8842: checking sys/time.h presence
configure:8842: gcc -E  conftest.c
configure:8842: $? = 0
configure:8842: result: yes
configure:8842: checking for sys/time.h
configure:8842: result: yes
configure:8842: checking for sys/types.h
configure:8842: result: yes
configure:8854: checking for int32_t
configure:8854: gcc -c -g -O2  conftest.c >&5
configure:8854: $? = 0
configure:8854: gcc -c -g -O2  conftest.c >&5
conftest.c: In function 'main':
conftest.c:70:53: warning: integer overflow in expression of type 'int' results in '-2147483648' [-Woverflow]
    < (int32_t) (((((int32_t) 1 << N) << N) - 1) * 2 + 2))];
                                                     ^
conftest.c:69:12: error: storage size of 'test_array' isn't constant
 static int test_array [1 - 2 * !((int32_t) (((((int32_t) 1 << N) << N) - 1) * 2 + 1)
            ^~~~~~~~~~
configure:8854: $? = 1
configure: failed program was:
| /* confdefs.h */
| #define PACKAGE_NAME "jansson"
| #define PACKAGE_TARNAME "jansson"
| #define PACKAGE_VERSION "2.10"
| #define PACKAGE_STRING "jansson 2.10"
| #define PACKAGE_BUGREPORT "petri@digip.org"
| #define PACKAGE_URL ""
| #define PACKAGE "jansson"
| #define VERSION "2.10"
| #define STDC_HEADERS 1
| #define HAVE_SYS_TYPES_H 1
| #define HAVE_SYS_STAT_H 1
| #define HAVE_STDLIB_H 1
| #define HAVE_STRING_H 1
| #define HAVE_MEMORY_H 1
| #define HAVE_STRINGS_H 1
| #define HAVE_INTTYPES_H 1
| #define HAVE_STDINT_H 1
| #define HAVE_UNISTD_H 1
| #define HAVE_DLFCN_H 1
| #define LT_OBJDIR ".libs/"
| #define HAVE_ENDIAN_H 1
| #define HAVE_FCNTL_H 1
| #define HAVE_LOCALE_H 1
| #define HAVE_SCHED_H 1
| #define HAVE_UNISTD_H 1
| #define HAVE_SYS_PARAM_H 1
| #define HAVE_SYS_STAT_H 1
| #define HAVE_SYS_TIME_H 1
| #define HAVE_SYS_TYPES_H 1
| /* end confdefs.h.  */
| #include <stdio.h>
| #ifdef HAVE_SYS_TYPES_H
| # include <sys/types.h>
| #endif
| #ifdef HAVE_SYS_STAT_H
| # include <sys/stat.h>
| #endif
| #ifdef STDC_HEADERS
| # include <stdlib.h>
| # include <stddef.h>
| #else
| # ifdef HAVE_STDLIB_H
| #  include <stdlib.h>
| # endif
| #endif
| #ifdef HAVE_STRING_H
| # if !defined STDC_HEADERS && defined HAVE_MEMORY_H
| #  include <memory.h>
| # endif
| # include <string.h>
| #endif
| #ifdef HAVE_STRINGS_H
| # include <strings.h>
| #endif
| #ifdef HAVE_INTTYPES_H
| # include <inttypes.h>
| #endif
| #ifdef HAVE_STDINT_H
| # include <stdint.h>
| #endif
| #ifdef HAVE_UNISTD_H
| # include <unistd.h>
| #endif
| 	        enum { N = 32 / 2 - 1 };
| int
| main ()
| {
| static int test_array [1 - 2 * !((int32_t) (((((int32_t) 1 << N) << N) - 1) * 2 + 1)
| 		 < (int32_t) (((((int32_t) 1 << N) << N) - 1) * 2 + 2))];
| test_array [0] = 0;
| return test_array [0];
| 
|   ;
|   return 0;
| }
configure:8854: result: yes
configure:8865: checking for uint32_t
configure:8865: gcc -c -g -O2  conftest.c >&5
configure:8865: $? = 0
configure:8865: result: yes
configure:8879: checking for uint16_t
configure:8879: gcc -c -g -O2  conftest.c >&5
configure:8879: $? = 0
configure:8879: result: yes
configure:8891: checking for uint8_t
configure:8891: gcc -c -g -O2  conftest.c >&5
configure:8891: $? = 0
configure:8891: result: yes
configure:8906: checking for unsigned long long int
configure:8945: gcc -o conftest -g -O2   conftest.c  >&5
configure:8945: $? = 0
configure:8954: result: yes
configure:8964: checking for long long int
configure:9002: gcc -o conftest -g -O2   conftest.c  >&5
configure:9002: $? = 0
configure:9002: ./conftest
configure:9002: $? = 0
configure:9014: result: yes
configure:9023: checking for inline
configure:9039: gcc -c -g -O2  conftest.c >&5
configure:9039: $? = 0
configure:9047: result: inline
configure:9076: checking for close
configure:9076: gcc -o conftest -g -O2   conftest.c  >&5
configure:9076: $? = 0
configure:9076: result: yes
configure:9076: checking for getpid
configure:9076: gcc -o conftest -g -O2   conftest.c  >&5
configure:9076: $? = 0
configure:9076: result: yes
configure:9076: checking for gettimeofday
configure:9076: gcc -o conftest -g -O2   conftest.c  >&5
configure:9076: $? = 0
configure:9076: result: yes
configure:9076: checking for localeconv
configure:9076: gcc -o conftest -g -O2   conftest.c  >&5
configure:9076: $? = 0
configure:9076: result: yes
configure:9076: checking for open
configure:9076: gcc -o conftest -g -O2   conftest.c  >&5
configure:9076: $? = 0
configure:9076: result: yes
configure:9076: checking for read
configure:9076: gcc -o conftest -g -O2   conftest.c  >&5
configure:9076: $? = 0
configure:9076: result: yes
configure:9076: checking for sched_yield
configure:9076: gcc -o conftest -g -O2   conftest.c  >&5
configure:9076: $? = 0
configure:9076: result: yes
configure:9076: checking for strtoll
configure:9076: gcc -o conftest -g -O2   conftest.c  >&5
configure:9076: $? = 0
configure:9076: result: yes
configure:9086: checking for gcc __sync builtins
configure:9100: gcc -o conftest -g -O2   conftest.c  >&5
configure:9100: $? = 0
configure:9110: result: yes
configure:9113: checking for gcc __atomic builtins
configure:9127: gcc -o conftest -g -O2   conftest.c  >&5
configure:9127: $? = 0
configure:9137: result: yes
configure:9302: checking that generated files are newer than configure
configure:9308: result: done
configure:9335: creating ./config.status

## ---------------- ##
## Cache variables. ##
## ---------------- ##

ac_cv_build=x86_64-pc-linux-gnu
ac_cv_c_compiler_gnu=yes
ac_cv_c_inline=inline
ac_cv_c_int32_t=yes
ac_cv_c_uint16_t=yes
ac_cv_c_uint32_t=yes
ac_cv_c_uint8_t=yes
ac_cv_env_CC_set=
ac_cv_env_CC_value=
ac_cv_env_CFLAGS_set=
ac_cv_env_CFLAGS_value=
ac_cv_env_CPPFLAGS_set=
ac_cv_env_CPPFLAGS_value=
ac_cv_env_CPP_set=
ac_cv_env_CPP_value=
ac_cv_env_LDFLAGS_set=
ac_cv_env_LDFLAGS_value=
ac_cv_env_LIBS_set=
ac_cv_env_LIBS_value=
ac_cv_env_LT_SYS_LIBRARY_PATH_set=
ac_cv_env_LT_SYS_LIBRARY_PATH_value=
ac_cv_env_build_alias_set=
ac_cv_env_build_alias_value=
ac_cv_env_host_alias_set=
ac_cv_env_host_alias_value=
ac_cv_env_target_alias_set=
ac_cv_env_target_alias_value=
ac_cv_func_close=yes
ac_cv_func_getpid=yes
ac_cv_func_gettimeofday=yes
ac_cv_func_localeconv=yes
ac_cv_func_open=yes
ac_cv_func_read=yes
ac_cv_func_sched_yield=yes
ac_cv_func_strtoll=yes
ac_cv_header_dlfcn_h=yes
ac_cv_header_endian_h=yes
ac_cv_header_fcntl_h=yes
ac_cv_header_inttypes_h=yes
ac_cv_header_locale_h=yes
ac_cv_header_memory_h=yes
ac_cv_header_sched_h=yes
ac_cv_header_stdc=yes
ac_cv_header_stdint_h=yes
ac_cv_header_stdlib_h=yes
ac_cv_header_string_h=yes
ac_cv_header_strings_h=yes
ac_cv_header_sys_param_h=yes
ac_cv_header_sys_stat_h=yes
ac_cv_header_sys_time_h=yes
ac_cv_header_sys_types_h=yes
ac_cv_header_unistd_h=yes
ac_cv_host=x86_64-pc-linux-gnu
ac_cv_objext=o
ac_cv_path_EGREP='/usr/bin/grep -E'
ac_cv_path_FGREP='/usr/bin/grep -F'
ac_cv_path_GREP=/usr/bin/grep
ac_cv_path_SED=/usr/bin/sed
ac_cv_path_install='/usr/bin/install -c'
ac_cv_path_lt_DD=/usr/bin/dd
ac_cv_path_mkdir=/usr/bin/mkdir
ac_cv_prog_AWK=gawk
ac_cv_prog_CPP='gcc -E'
ac_cv_prog_ac_ct_AR=ar
ac_cv_prog_ac_ct_CC=gcc
ac_cv_prog_ac_ct_MANIFEST_TOOL=mt
ac_cv_prog_ac_ct_OBJDUMP=objdump
ac_cv_prog_ac_ct_RANLIB=ranlib
ac_cv_prog_ac_ct_STRIP=strip
ac_cv_prog_cc_c89=
ac_cv_prog_cc_g=yes
ac_cv_prog_make_make_set=yes
ac_cv_type_long_long_int=yes
ac_cv_type_unsigned_long_long_int=yes
am_cv_CC_dependencies_compiler_type=gcc3
am_cv_make_support_nested_variables=yes
am_cv_prog_cc_c_o=yes
lt_cv_ar_at_file=@
lt_cv_archive_cmds_need_lc=no
lt_cv_deplibs_check_method=pass_all
lt_cv_file_magic_cmd='$MAGIC_CMD'
lt_cv_file_magic_test_file=
lt_cv_ld_reload_flag=-r
lt_cv_nm_interface='BSD nm'
lt_cv_objdir=.libs
lt_cv_path_LD=/usr/bin/ld
lt_cv_path_NM='/usr/bin/nm -B'
lt_cv_path_mainfest_tool=no
lt_cv_prog_compiler_c_o=yes
lt_cv_prog_compiler_pic='-fPIC -DPIC'
lt_cv_prog_compiler_pic_works=yes
lt_cv_prog_compiler_rtti_exceptions=no
lt_cv_prog_compiler_static_works=yes
lt_cv_prog_gnu_ld=yes
lt_cv_sharedlib_from_linklib_cmd='printf %s\n'
lt_cv_shlibpath_overrides_runpath=yes
lt_cv_sys_global_symbol_pipe='sed -n -e '\''s/^.*[	 ]\([ABCDGIRSTW][ABCDGIRSTW]*\)[	 ][	 ]*\([_A-Za-z][_A-Za-z0-9]*\)$/\1 \2 \2/p'\'' | sed '\''/ __gnu_lto/d'\'''
lt_cv_sys_global_symbol_to_c_name_address='sed -n -e '\''s/^: \(.*\) .*$/  {"\1", (void *) 0},/p'\'' -e '\''s/^[ABCDGIRSTW][ABCDGIRSTW]* .* \(.*\)$/  {"\1", (void *) \&\1},/p'\'''
lt_cv_sys_global_symbol_to_c_name_address_lib_prefix='sed -n -e '\''s/^: \(.*\) .*$/  {"\1", (void *) 0},/p'\'' -e '\''s/^[ABCDGIRSTW][ABCDGIRSTW]* .* \(lib.*\)$/  {"\1", (void *) \&\1},/p'\'' -e '\''s/^[ABCDGIRSTW][ABCDGIRSTW]* .* \(.*\)$/  {"lib\1", (void *) \&\1},/p'\'''
lt_cv_sys_global_symbol_to_cdecl='sed -n -e '\''s/^T .* \(.*\)$/extern int \1();/p'\'' -e '\''s/^[ABCDGIRSTW][ABCDGIRSTW]* .* \(.*\)$/extern char \1;/p'\'''
lt_cv_sys_global_symbol_to_import=
lt_cv_sys_max_cmd_len=1572864
lt_cv_to_host_file_cmd=func_convert_file_noop
lt_cv_to_tool_file_cmd=func_convert_file_noop
lt_cv_truncate_bin='/usr/bin/dd bs=4096 count=1'

## ----------------- ##
## Output variables. ##
## ----------------- ##

ACLOCAL='${SHELL} /usr/src/git_data/calltech-single-tenant-pbx-voip/source/jansson-2.10/missing aclocal-1.16'
AMDEPBACKSLASH='\'
AMDEP_FALSE='#'
AMDEP_TRUE=''
AMTAR='$${TAR-tar}'
AM_BACKSLASH='\'
AM_CFLAGS='-Wall -Wextra -Wdeclaration-after-statement'
AM_DEFAULT_V='$(AM_DEFAULT_VERBOSITY)'
AM_DEFAULT_VERBOSITY='1'
AM_V='$(V)'
AR='ar'
AUTOCONF='${SHELL} /usr/src/git_data/calltech-single-tenant-pbx-voip/source/jansson-2.10/missing autoconf'
AUTOHEADER='${SHELL} /usr/src/git_data/calltech-single-tenant-pbx-voip/source/jansson-2.10/missing autoheader'
AUTOMAKE='${SHELL} /usr/src/git_data/calltech-single-tenant-pbx-voip/source/jansson-2.10/missing automake-1.16'
AWK='gawk'
CC='gcc'
CCDEPMODE='depmode=gcc3'
CFLAGS='-g -O2'
CPP='gcc -E'
CPPFLAGS=''
CYGPATH_W='echo'
DEFS='-DHAVE_CONFIG_H'
DEPDIR='.deps'
DLLTOOL='false'
DSYMUTIL=''
DUMPBIN=''
ECHO_C=''
ECHO_N='-n'
ECHO_T=''
EGREP='/usr/bin/grep -E'
EXEEXT=''
FGREP='/usr/bin/grep -F'
GCC_FALSE='#'
GCC_TRUE=''
GREP='/usr/bin/grep'
INSTALL_DATA='${INSTALL} -m 644'
INSTALL_PROGRAM='${INSTALL}'
INSTALL_SCRIPT='${INSTALL}'
INSTALL_STRIP_PROGRAM='$(install_sh) -c -s'
LD='/usr/bin/ld -m elf_x86_64'
LDFLAGS=''
LIBOBJS=''
LIBS=''
LIBTOOL='$(SHELL) $(top_builddir)/libtool'
LIPO=''
LN_S='ln -s'
LTLIBOBJS=''
LT_SYS_LIBRARY_PATH=''
MAKEINFO='${SHELL} /usr/src/git_data/calltech-single-tenant-pbx-voip/source/jansson-2.10/missing makeinfo'
MANIFEST_TOOL=':'
MKDIR_P='/usr/bin/mkdir -p'
NM='/usr/bin/nm -B'
NMEDIT=''
OBJDUMP='objdump'
OBJEXT='o'
OTOOL64=''
OTOOL=''
PACKAGE='jansson'
PACKAGE_BUGREPORT='petri@digip.org'
PACKAGE_NAME='jansson'
PACKAGE_STRING='jansson 2.10'
PACKAGE_TARNAME='jansson'
PACKAGE_URL=''
PACKAGE_VERSION='2.10'
PATH_SEPARATOR=':'
RANLIB='ranlib'
SED='/usr/bin/sed'
SET_MAKE=''
SHELL='/bin/bash'
STRIP='strip'
VERSION='2.10'
ac_ct_AR='ar'
ac_ct_CC='gcc'
ac_ct_DUMPBIN=''
am__EXEEXT_FALSE=''
am__EXEEXT_TRUE='#'
am__fastdepCC_FALSE='#'
am__fastdepCC_TRUE=''
am__include='include'
am__isrc=''
am__leading_dot='.'
am__nodep='_no'
am__quote=''
am__tar='$${TAR-tar} chof - "$$tardir"'
am__untar='$${TAR-tar} xf -'
bindir='${exec_prefix}/bin'
build='x86_64-pc-linux-gnu'
build_alias=''
build_cpu='x86_64'
build_os='linux-gnu'
build_vendor='pc'
datadir='${datarootdir}'
datarootdir='${prefix}/share'
docdir='${datarootdir}/doc/${PACKAGE_TARNAME}'
dvidir='${docdir}'
exec_prefix='${prefix}'
host='x86_64-pc-linux-gnu'
host_alias=''
host_cpu='x86_64'
host_os='linux-gnu'
host_vendor='pc'
htmldir='${docdir}'
includedir='${prefix}/include'
infodir='${datarootdir}/info'
install_sh='${SHELL} /usr/src/git_data/calltech-single-tenant-pbx-voip/source/jansson-2.10/install-sh'
json_have_localeconv='1'
json_have_long_long='1'
json_inline='inline'
libdir='/usr/lib64'
libexecdir='${exec_prefix}/libexec'
localedir='${datarootdir}/locale'
localstatedir='${prefix}/var'
mandir='${datarootdir}/man'
mkdir_p='$(MKDIR_P)'
oldincludedir='/usr/include'
pdfdir='${docdir}'
prefix='/usr/local'
program_transform_name='s,x,x,'
psdir='${docdir}'
runstatedir='${localstatedir}/run'
sbindir='${exec_prefix}/sbin'
sharedstatedir='${prefix}/com'
sysconfdir='${prefix}/etc'
target_alias=''

## ----------- ##
## confdefs.h. ##
## ----------- ##

/* confdefs.h */
#define PACKAGE_NAME "jansson"
#define PACKAGE_TARNAME "jansson"
#define PACKAGE_VERSION "2.10"
#define PACKAGE_STRING "jansson 2.10"
#define PACKAGE_BUGREPORT "petri@digip.org"
#define PACKAGE_URL ""
#define PACKAGE "jansson"
#define VERSION "2.10"
#define STDC_HEADERS 1
#define HAVE_SYS_TYPES_H 1
#define HAVE_SYS_STAT_H 1
#define HAVE_STDLIB_H 1
#define HAVE_STRING_H 1
#define HAVE_MEMORY_H 1
#define HAVE_STRINGS_H 1
#define HAVE_INTTYPES_H 1
#define HAVE_STDINT_H 1
#define HAVE_UNISTD_H 1
#define HAVE_DLFCN_H 1
#define LT_OBJDIR ".libs/"
#define HAVE_ENDIAN_H 1
#define HAVE_FCNTL_H 1
#define HAVE_LOCALE_H 1
#define HAVE_SCHED_H 1
#define HAVE_UNISTD_H 1
#define HAVE_SYS_PARAM_H 1
#define HAVE_SYS_STAT_H 1
#define HAVE_SYS_TIME_H 1
#define HAVE_SYS_TYPES_H 1
#define HAVE_UNSIGNED_LONG_LONG_INT 1
#define HAVE_LONG_LONG_INT 1
#define HAVE_CLOSE 1
#define HAVE_GETPID 1
#define HAVE_GETTIMEOFDAY 1
#define HAVE_LOCALECONV 1
#define HAVE_OPEN 1
#define HAVE_READ 1
#define HAVE_SCHED_YIELD 1
#define HAVE_STRTOLL 1
#define HAVE_SYNC_BUILTINS 1
#define HAVE_ATOMIC_BUILTINS 1
#define USE_URANDOM 1
#define USE_WINDOWS_CRYPTOAPI 1
#define INITIAL_HASHTABLE_ORDER 3

configure: exit 0

## ---------------------- ##
## Running config.status. ##
## ---------------------- ##

This file was extended by jansson config.status 2.10, which was
generated by GNU Autoconf 2.69.  Invocation command line was

  CONFIG_FILES    = 
  CONFIG_HEADERS  = 
  CONFIG_LINKS    = 
  CONFIG_COMMANDS = 
  $ ./config.status 

on ECOUC-Internal

config.status:1118: creating jansson.pc
config.status:1118: creating Makefile
config.status:1118: creating doc/Makefile
config.status:1118: creating src/Makefile
config.status:1118: creating src/jansson_config.h
config.status:1118: creating test/Makefile
config.status:1118: creating test/bin/Makefile
config.status:1118: creating test/suites/Makefile
config.status:1118: creating test/suites/api/Makefile
config.status:1118: creating jansson_private_config.h
config.status:1299: jansson_private_config.h is unchanged
config.status:1347: executing depfiles commands
config.status:1424: cd src       && sed -e '/# am--include-marker/d' Makefile         | make -f - am--depfiles
make[1]: Entering directory '/usr/src/git_data/calltech-single-tenant-pbx-voip/source/jansson-2.10/src'
make[1]: Nothing to be done for 'am--depfiles'.
make[1]: Leaving directory '/usr/src/git_data/calltech-single-tenant-pbx-voip/source/jansson-2.10/src'
config.status:1429: $? = 0
config.status:1424: cd test/bin       && sed -e '/# am--include-marker/d' Makefile         | make -f - am--depfiles
make[1]: Entering directory '/usr/src/git_data/calltech-single-tenant-pbx-voip/source/jansson-2.10/test/bin'
make[1]: Nothing to be done for 'am--depfiles'.
make[1]: Leaving directory '/usr/src/git_data/calltech-single-tenant-pbx-voip/source/jansson-2.10/test/bin'
config.status:1429: $? = 0
config.status:1424: cd test/suites/api       && sed -e '/# am--include-marker/d' Makefile         | make -f - am--depfiles
make[1]: Entering directory '/usr/src/git_data/calltech-single-tenant-pbx-voip/source/jansson-2.10/test/suites/api'
make[1]: Nothing to be done for 'am--depfiles'.
make[1]: Leaving directory '/usr/src/git_data/calltech-single-tenant-pbx-voip/source/jansson-2.10/test/suites/api'
config.status:1429: $? = 0
config.status:1347: executing libtool commands
